<?xml version="1.0" encoding="UTF-8"?>
<!-- Generated by org.testng.reporters.JUnitReportReporter -->
<testsuite hostname="Dell" failures="0" tests="1" name="com.Actitime.TestScript.Tasks" time="22.669" errors="0" timestamp="2023-05-11T10:16:28 IST" skipped="0">
  <testcase classname="com.Actitime.TestScript.Tasks" name="createcustomer" time="22.669"/>
  <system-out/>
</testsuite> <!-- com.Actitime.TestScript.Tasks -->
